\BOOKMARK [0][-]{chapter.1}{Introduction}{}% 1
\BOOKMARK [0][-]{chapter.2}{Theory}{}% 2
\BOOKMARK [1][-]{section.2.1}{Background of Nuclear medicine}{chapter.2}% 3
\BOOKMARK [1][-]{section.2.2}{Characteristics of medical radionuclides}{chapter.2}% 4
\BOOKMARK [2][-]{subsection.2.2.1}{Half-life}{section.2.2}% 5
\BOOKMARK [2][-]{subsection.2.2.2}{Stopping power}{section.2.2}% 6
\BOOKMARK [1][-]{section.2.3}{Radioactive decay}{chapter.2}% 7
\BOOKMARK [1][-]{section.2.4}{Decay modes}{chapter.2}% 8
\BOOKMARK [2][-]{subsection.2.4.1}{-decay}{section.2.4}% 9
\BOOKMARK [2][-]{subsection.2.4.2}{Electron capture, Internal convention and Auger electrons}{section.2.4}% 10
\BOOKMARK [2][-]{subsection.2.4.3}{-decay and X-rays}{section.2.4}% 11
\BOOKMARK [1][-]{section.2.5}{Theranostic}{chapter.2}% 12
\BOOKMARK [0][-]{chapter.3}{Cu64,67}{}% 13
\BOOKMARK [1][-]{section.3.1}{what can we do to make the nuclear medicine better?}{chapter.3}% 14
\BOOKMARK [2][-]{subsection.3.1.1}{My motivation}{section.3.1}% 15
\BOOKMARK [2][-]{subsection.3.1.2}{Physics motivation}{section.3.1}% 16
\BOOKMARK [0][-]{chapter.4}{The experiment}{}% 17
\BOOKMARK [1][-]{section.4.1}{The experimental setup}{chapter.4}% 18
\BOOKMARK [2][-]{subsection.4.1.1}{Cyclotron}{section.4.1}% 19
\BOOKMARK [2][-]{subsection.4.1.2}{Deuterium breakup prosess}{section.4.1}% 20
\BOOKMARK [2][-]{subsection.4.1.3}{Stack design}{section.4.1}% 21
\BOOKMARK [1][-]{section.4.2}{Radiation}{chapter.4}% 22
\BOOKMARK [2][-]{subsection.4.2.1}{Counting}{section.4.2}% 23
\BOOKMARK [1][-]{section.4.3}{Gamma spectroscopy}{chapter.4}% 24
\BOOKMARK [2][-]{subsection.4.3.1}{Gamma spectra}{section.4.3}% 25
\BOOKMARK [2][-]{subsection.4.3.2}{Calibrating}{section.4.3}% 26
\BOOKMARK [0][-]{chapter.5}{Analyse}{}% 27
\BOOKMARK [1][-]{section.5.1}{Fitz peak}{chapter.5}% 28
\BOOKMARK [2][-]{subsection.5.1.1}{Regression prosess}{section.5.1}% 29
\BOOKMARK [1][-]{section.5.2}{Priduction physics}{chapter.5}% 30
\BOOKMARK [0][-]{chapter.6}{Results and dscussion}{}% 31
\BOOKMARK [1][-]{section.6.1}{TALYS}{chapter.6}% 32
\BOOKMARK [0][-]{chapter.7}{Summary and outlook}{}% 33
\BOOKMARK [1][-]{section.7.1}{Future work}{chapter.7}% 34
\BOOKMARK [0][-]{chapter*.5}{Bibliography}{}% 35
