\BOOKMARK [0][-]{chapter.1}{Introduction}{}% 1
\BOOKMARK [0][-]{chapter.2}{Nucleosynthesis beyond the iron peak}{}% 2
\BOOKMARK [1][-]{section.2.1}{The s-process}{chapter.2}% 3
\BOOKMARK [1][-]{section.2.2}{The r-process}{chapter.2}% 4
\BOOKMARK [1][-]{section.2.3}{The p-process}{chapter.2}% 5
\BOOKMARK [1][-]{section.2.4}{The i-process}{chapter.2}% 6
\BOOKMARK [1][-]{section.2.5}{Reaction networks}{chapter.2}% 7
\BOOKMARK [2][-]{subsection.2.5.1}{Stellar input}{section.2.5}% 8
\BOOKMARK [2][-]{subsection.2.5.2}{Nuclear input}{section.2.5}% 9
\BOOKMARK [0][-]{chapter.3}{Experimental setup and data calibration}{}% 10
\BOOKMARK [1][-]{section.3.1}{Berkeley National Laboratory \(BNL\)}{chapter.3}% 11
\BOOKMARK [2][-]{subsection.3.1.1}{The experiment}{section.3.1}% 12
\BOOKMARK [2][-]{subsection.3.1.2}{The Germanium detector}{section.3.1}% 13
\BOOKMARK [1][-]{section.3.2}{Detector calibration}{chapter.3}% 14
\BOOKMARK [2][-]{subsection.3.2.1}{Particle calibration and identification}{section.3.2}% 15
\BOOKMARK [2][-]{subsection.3.2.2}{Selecting the data from the 192Os\(, ' \)192Os reaction}{section.3.2}% 16
\BOOKMARK [2][-]{subsection.3.2.3}{-calibration}{section.3.2}% 17
\BOOKMARK [2][-]{subsection.3.2.4}{Treatment of the time signals}{section.3.2}% 18
\BOOKMARK [2][-]{subsection.3.2.5}{The coincidence matrix}{section.3.2}% 19
\BOOKMARK [0][-]{chapter.4}{The Oslo method}{}% 20
\BOOKMARK [1][-]{section.4.1}{Unfolding the -ray spectra}{chapter.4}% 21
\BOOKMARK [2][-]{subsection.4.1.1}{The folding iteration method}{section.4.1}% 22
\BOOKMARK [2][-]{subsection.4.1.2}{The Compton subtraction method}{section.4.1}% 23
\BOOKMARK [1][-]{section.4.2}{Extracting the first-generation -rays}{chapter.4}% 24
\BOOKMARK [1][-]{section.4.3}{Determining the nuclear level density and the -strength function}{chapter.4}% 25
\BOOKMARK [2][-]{subsection.4.3.1}{The 2-minimization iteration method}{section.4.3}% 26
\BOOKMARK [2][-]{subsection.4.3.2}{The normalization procedure}{section.4.3}% 27
\BOOKMARK [0][-]{chapter.5}{Results and discussion}{}% 28
\BOOKMARK [1][-]{section.5.1}{Obtaining the normalization parameters}{chapter.5}% 29
\BOOKMARK [2][-]{subsection.5.1.1}{The level density parameters}{section.5.1}% 30
\BOOKMARK [2][-]{subsection.5.1.2}{The -ray transmission coefficient parameters}{section.5.1}% 31
\BOOKMARK [2][-]{subsection.5.1.3}{Systematic error estimate}{section.5.1}% 32
\BOOKMARK [1][-]{section.5.2}{The level density}{chapter.5}% 33
\BOOKMARK [1][-]{section.5.3}{The -strength function}{chapter.5}% 34
\BOOKMARK [1][-]{section.5.4}{The radiative neutron capture cross section}{chapter.5}% 35
\BOOKMARK [0][-]{chapter.6}{Summary and outlook}{}% 36
\BOOKMARK [1][-]{section.6.1}{Summary of the results}{chapter.6}% 37
\BOOKMARK [1][-]{section.6.2}{Upgrade of the experimental setup: OSCAR}{chapter.6}% 38
\BOOKMARK [1][-]{section.6.3}{Outlook}{chapter.6}% 39
