\BOOKMARK [0][-]{chapter.1}{Introduction}{}% 1
\BOOKMARK [0][-]{chapter.2}{Theory}{}% 2
\BOOKMARK [1][-]{section.2.1}{Background of Nuclear medicine}{chapter.2}% 3
\BOOKMARK [1][-]{section.2.2}{Characteristics of medical radionuclides}{chapter.2}% 4
\BOOKMARK [2][-]{subsection.2.2.1}{Half-life}{section.2.2}% 5
\BOOKMARK [2][-]{subsection.2.2.2}{Stopping power}{section.2.2}% 6
\BOOKMARK [1][-]{section.2.3}{Decay modes}{chapter.2}% 7
\BOOKMARK [2][-]{subsection.2.3.1}{-decay}{section.2.3}% 8
\BOOKMARK [2][-]{subsection.2.3.2}{Electron capture, Internal convention and Auger electrons}{section.2.3}% 9
\BOOKMARK [2][-]{subsection.2.3.3}{-decay and X-rays}{section.2.3}% 10
\BOOKMARK [1][-]{section.2.4}{Production of medical isotopes}{chapter.2}% 11
\BOOKMARK [2][-]{subsection.2.4.1}{Production rates and cross-sections}{section.2.4}% 12
\BOOKMARK [1][-]{section.2.5}{High purity Germanium detector}{chapter.2}% 13
\BOOKMARK [0][-]{chapter.3}{Cu64,67}{}% 14
\BOOKMARK [1][-]{section.3.1}{what can we do to make the nuclear medicine better?}{chapter.3}% 15
\BOOKMARK [2][-]{subsection.3.1.1}{My motivation}{section.3.1}% 16
\BOOKMARK [2][-]{subsection.3.1.2}{Physics motivation}{section.3.1}% 17
\BOOKMARK [1][-]{section.3.2}{Theranostic}{chapter.3}% 18
\BOOKMARK [0][-]{chapter.4}{The experiment}{}% 19
\BOOKMARK [1][-]{section.4.1}{The experimental setup}{chapter.4}% 20
\BOOKMARK [2][-]{subsection.4.1.1}{The 88-Inch cyclotron}{section.4.1}% 21
\BOOKMARK [2][-]{subsection.4.1.2}{Deuterium breakup prosess}{section.4.1}% 22
\BOOKMARK [2][-]{subsection.4.1.3}{Stack design}{section.4.1}% 23
\BOOKMARK [1][-]{section.4.2}{Radiation}{chapter.4}% 24
\BOOKMARK [2][-]{subsection.4.2.1}{Counting}{section.4.2}% 25
\BOOKMARK [1][-]{section.4.3}{Gamma spectroscopy}{chapter.4}% 26
\BOOKMARK [2][-]{subsection.4.3.1}{Gamma spectra}{section.4.3}% 27
\BOOKMARK [2][-]{subsection.4.3.2}{Calibrating}{section.4.3}% 28
\BOOKMARK [0][-]{chapter.5}{Analyse}{}% 29
\BOOKMARK [1][-]{section.5.1}{Fitz peak}{chapter.5}% 30
\BOOKMARK [2][-]{subsection.5.1.1}{Regression prosess}{section.5.1}% 31
\BOOKMARK [1][-]{section.5.2}{Production physics}{chapter.5}% 32
\BOOKMARK [0][-]{chapter.6}{Results and dscussion}{}% 33
\BOOKMARK [1][-]{section.6.1}{TALYS}{chapter.6}% 34
\BOOKMARK [1][-]{section.6.2}{ALICE}{chapter.6}% 35
\BOOKMARK [1][-]{section.6.3}{EXFOR}{chapter.6}% 36
\BOOKMARK [0][-]{chapter.7}{Summary and outlook}{}% 37
\BOOKMARK [1][-]{section.7.1}{Future work}{chapter.7}% 38
\BOOKMARK [0][-]{chapter*.14}{Bibliography}{}% 39
